Running in Lattice mode


Starting:    C:\lscc\iCEcube2.2020.12\synpbase\bin64\mbin\synbatch.exe
Install:     C:\lscc\iCEcube2.2020.12\synpbase
Hostname:    GIGABYTE-G5KD
Date:        Tue Feb 25 18:17:39 2025
Version:     L-2016.09L+ice40

Arguments:   -product synplify_pro -batch Blinking_an_LED_syn.prj
ProductType: synplify_pro





log file: "D:\Users\Rui\Documents\FPGA\Capitulo 4\Blinking_an_LED\Blinking_an_LED_Implmnt\Blinking_an_LED.srr"
Running: Blinking_an_LED_Implmnt in foreground

Running Blinking_an_LED_syn|Blinking_an_LED_Implmnt

Running: compile (Compile) on Blinking_an_LED_syn|Blinking_an_LED_Implmnt
# Tue Feb 25 18:17:39 2025

Running: compile_flow (Compile Process) on Blinking_an_LED_syn|Blinking_an_LED_Implmnt
# Tue Feb 25 18:17:39 2025

Running: compiler (Compile Input) on Blinking_an_LED_syn|Blinking_an_LED_Implmnt
# Tue Feb 25 18:17:39 2025
Copied D:\Users\Rui\Documents\FPGA\Capitulo 4\Blinking_an_LED\Blinking_an_LED_Implmnt\synwork\Blinking_an_LED_comp.srs to D:\Users\Rui\Documents\FPGA\Capitulo 4\Blinking_an_LED\Blinking_an_LED_Implmnt\Blinking_an_LED.srs

compiler completed
# Tue Feb 25 18:17:41 2025

Return Code: 0
Run Time:00h:00m:02s

Running: multi_srs_gen (Multi-srs Generator) on Blinking_an_LED_syn|Blinking_an_LED_Implmnt
# Tue Feb 25 18:17:41 2025

multi_srs_gen completed
# Tue Feb 25 18:17:41 2025

Return Code: 0
Run Time:00h:00m:00s
Copied D:\Users\Rui\Documents\FPGA\Capitulo 4\Blinking_an_LED\Blinking_an_LED_Implmnt\synwork\Blinking_an_LED_mult.srs to D:\Users\Rui\Documents\FPGA\Capitulo 4\Blinking_an_LED\Blinking_an_LED_Implmnt\Blinking_an_LED.srs
Complete: Compile Process on Blinking_an_LED_syn|Blinking_an_LED_Implmnt

Running: premap (Pre-mapping) on Blinking_an_LED_syn|Blinking_an_LED_Implmnt
# Tue Feb 25 18:17:41 2025

premap completed
# Tue Feb 25 18:17:42 2025

Return Code: 0
Run Time:00h:00m:01s
Complete: Compile on Blinking_an_LED_syn|Blinking_an_LED_Implmnt

Running: map (Map) on Blinking_an_LED_syn|Blinking_an_LED_Implmnt
# Tue Feb 25 18:17:42 2025
License granted for 4 parallel jobs

Running: fpga_mapper (Map & Optimize) on Blinking_an_LED_syn|Blinking_an_LED_Implmnt
# Tue Feb 25 18:17:42 2025
Copied D:\Users\Rui\Documents\FPGA\Capitulo 4\Blinking_an_LED\Blinking_an_LED_Implmnt\synwork\Blinking_an_LED_m.srm to D:\Users\Rui\Documents\FPGA\Capitulo 4\Blinking_an_LED\Blinking_an_LED_Implmnt\Blinking_an_LED.srm

fpga_mapper completed with warnings
# Tue Feb 25 18:17:43 2025

Return Code: 1
Run Time:00h:00m:01s
Complete: Map on Blinking_an_LED_syn|Blinking_an_LED_Implmnt
Complete: Logic Synthesis on Blinking_an_LED_syn|Blinking_an_LED_Implmnt

exit status=0

exit status=0

